
Ox Professional version 7.00 (OS_X/U) (C) J.A. Doornik, 1994-2013
Copyright for this package: S. Laurent, 2000-2012.
G@RCH package version 7.0, object created on 28-07-2016


 ********************
 ** SPECIFICATIONS **
 ********************
The dataset is: /Users/stuartlee/Desktop/Project/Colombo prices daily orig.csv
The estimation sample is:  1985-01-03 - 2009-06-12
The dependent variable is: ALL SHARE %
Mean Equation:  ARMA (0, 0) model.
5 regressor(s) in the conditional mean.
Variance Equation:  GARCH (1, 1) model.
No regressor in the conditional variance
Normal distribution.

Strong convergence using numerical derivatives
Log-likelihood = -8151.76
Please wait : Computing the Std Errors ...

 Robust Standard Errors (Sandwich formula)
                  Coefficient  Std.Error  t-value  t-prob
Cst(M)              -0.003884   0.073229 -0.05304  0.9577
MON (M)             -0.003892   0.075576 -0.05149  0.9589
TUE (M)             -0.048582   0.073755  -0.6587  0.5101
WED (M)             -0.050978   0.075495  -0.6753  0.4995
THU (M)              0.040903   0.074033   0.5525  0.5806
FRI (M)              0.048655   0.075833   0.6416  0.5212
Cst(V)               0.061234   0.024609    2.488  0.0129
ARCH(Alpha1)         0.270752   0.055150    4.909  0.0000
GARCH(Beta1)         0.729244   0.064760    11.26  0.0000

No. Observations :      6377  No. Parameters  :         9
Mean (Y)         :   0.04948  Variance (Y)    :   1.19523
Skewness (Y)     :   0.97558  Kurtosis (Y)    :  37.76196
Log Likelihood   : -8151.759  Alpha[1]+Beta[1]:   1.00000

The sample mean of squared residuals was used to start recursion.
The positivity constraint for the GARCH (1,1) is observed.
This constraint is alpha[L]/[1 - beta(L)] >= 0.
The unconditional variance is 15270.3
The conditions are alpha[0] > 0, alpha[L] + beta[L] < 1 and alpha[i] + beta[i] >= 0.
  => See Doornik & Ooms (2001) for more details.
The condition for existence of the fourth moment of the GARCH is not observed.
The constraint equals 1.14661 and should be < 1.
  => See Ling & McAleer (2001) for details.

Estimated Parameters Vector : 
-0.003884;-0.003892;-0.048582;-0.050978; 0.040903; 0.048655; 0.061234; 0.270752; 0.729244
Elapsed Time : 0.62 seconds (or 0.0103333 minutes).

Ox Professional version 7.00 (OS_X/U) (C) J.A. Doornik, 1994-2013
Copyright for this package: S. Laurent, 2000-2012.
G@RCH package version 7.0, object created on 28-07-2016


 ********************
 ** SPECIFICATIONS **
 ********************
The dataset is: /Users/stuartlee/Desktop/Project/Colombo prices daily orig.csv
The estimation sample is:  1985-01-03 - 2004-06-11
The dependent variable is: ALL SHARE %
Mean Equation:  ARMA (0, 0) model.
5 regressor(s) in the conditional mean.
Variance Equation:  GARCH (1, 1) model.
No regressor in the conditional variance
Normal distribution.

Strong convergence using numerical derivatives
Log-likelihood = -6380.79
Please wait : Computing the Std Errors ...

 Robust Standard Errors (Sandwich formula)
                  Coefficient  Std.Error  t-value  t-prob
Cst(M)              -0.018947    0.11930  -0.1588  0.8738
MON (M)              0.024284    0.12389   0.1960  0.8446
TUE (M)             -0.043169    0.12460  -0.3465  0.7290
WED (M)             -0.077363    0.14598  -0.5300  0.5962
THU (M)              0.022782    0.12418   0.1835  0.8544
FRI (M)              0.044499    0.12259   0.3630  0.7166
Cst(V)               0.060292   0.037736    1.598  0.1102
ARCH(Alpha1)         0.272160   0.067281    4.045  0.0001
GARCH(Beta1)         0.727836   0.099009    7.351  0.0000

No. Observations :      5072  No. Parameters  :         9
Mean (Y)         :   0.05133  Variance (Y)    :   1.18219
Skewness (Y)     :   1.38695  Kurtosis (Y)    :  44.86948
Log Likelihood   : -6380.789  Alpha[1]+Beta[1]:   1.00000

The sample mean of squared residuals was used to start recursion.
The positivity constraint for the GARCH (1,1) is observed.
This constraint is alpha[L]/[1 - beta(L)] >= 0.
The unconditional variance is 15035.5
The conditions are alpha[0] > 0, alpha[L] + beta[L] < 1 and alpha[i] + beta[i] >= 0.
  => See Doornik & Ooms (2001) for more details.
The condition for existence of the fourth moment of the GARCH is not observed.
The constraint equals 1.14813 and should be < 1.
  => See Ling & McAleer (2001) for details.

Estimated Parameters Vector : 
-0.018947; 0.024284;-0.043169;-0.077363; 0.022782; 0.044499; 0.060292; 0.272160; 0.727836
Elapsed Time : 0.48 seconds (or 0.008 minutes).

Ox Professional version 7.00 (OS_X/U) (C) J.A. Doornik, 1994-2013
Copyright for this package: S. Laurent, 2000-2012.
G@RCH package version 7.0, object created on 28-07-2016


 ********************
 ** SPECIFICATIONS **
 ********************
The dataset is: /Users/stuartlee/Desktop/Project/Colombo prices daily orig.csv
The estimation sample is:  1985-01-03 - 1988-06-10
The dependent variable is: ALL SHARE %
Mean Equation:  ARMA (0, 0) model.
5 regressor(s) in the conditional mean.
Variance Equation:  GARCH (1, 1) model.
No regressor in the conditional variance
Normal distribution.

Strong convergence using numerical derivatives
Log-likelihood = -920.304
Please wait : Computing the Std Errors ...

 Robust Standard Errors (Sandwich formula)
                  Coefficient  Std.Error  t-value  t-prob
Cst(M)               0.043663    0.11030   0.3959  0.6923
MON (M)              0.028143    0.12396   0.2270  0.8205
TUE (M)              0.000172    0.10016 0.001719  0.9986
WED (M)              0.025896    0.10409   0.2488  0.8036
THU (M)             -0.036600    0.11267  -0.3249  0.7454
FRI (M)              0.015890    0.12714   0.1250  0.9006
Cst(V)               0.023570   0.015822    1.490  0.1366
ARCH(Alpha1)         0.087514   0.030821    2.839  0.0046
GARCH(Beta1)         0.881427   0.038680    22.79  0.0000

No. Observations :       897  No. Parameters  :         9
Mean (Y)         :   0.07030  Variance (Y)    :   0.55864
Skewness (Y)     :   0.78135  Kurtosis (Y)    :  29.11465
Log Likelihood   :  -920.304  Alpha[1]+Beta[1]:   0.96894

The sample mean of squared residuals was used to start recursion.
The positivity constraint for the GARCH (1,1) is observed.
This constraint is alpha[L]/[1 - beta(L)] >= 0.
The unconditional variance is 0.758889
The conditions are alpha[0] > 0, alpha[L] + beta[L] < 1 and alpha[i] + beta[i] >= 0.
  => See Doornik & Ooms (2001) for more details.
The condition for existence of the fourth moment of the GARCH is observed.
The constraint equals 0.954164 and should be < 1.
  => See Ling & McAleer (2001) for details.

Estimated Parameters Vector : 
 0.043663; 0.028143; 0.000172; 0.025896;-0.036600; 0.015890; 0.023570; 0.087514; 0.881427
Elapsed Time : 0.14 seconds (or 0.00233333 minutes).

Ox Professional version 7.00 (OS_X/U) (C) J.A. Doornik, 1994-2013
Copyright for this package: S. Laurent, 2000-2012.
G@RCH package version 7.0, object created on 28-07-2016


 ********************
 ** SPECIFICATIONS **
 ********************
The dataset is: /Users/stuartlee/Desktop/Project/Colombo prices daily orig.csv
The estimation sample is:  2000-01-03 - 2008-06-12
The dependent variable is: ALL SHARE %
Mean Equation:  ARMA (0, 0) model.
5 regressor(s) in the conditional mean.
Variance Equation:  GARCH (1, 1) model.
No regressor in the conditional variance
Normal distribution.

Strong convergence using numerical derivatives
Log-likelihood = -3125.25
Please wait : Computing the Std Errors ...

 Robust Standard Errors (Sandwich formula)
                  Coefficient  Std.Error  t-value  t-prob
Cst(M)               0.035492   0.049873   0.7117  0.4768
MON (M)             -0.133840   0.057296   -2.336  0.0196
TUE (M)             -0.055769   0.077229  -0.7221  0.4703
WED (M)             -0.035072   0.056103  -0.6251  0.5319
THU (M)              0.120208   0.066055    1.820  0.0689
FRI (M)              0.129963   0.064305    2.021  0.0434
Cst(V)               0.076277   0.029689    2.569  0.0103
ARCH(Alpha1)         0.303493   0.065725    4.618  0.0000
GARCH(Beta1)         0.696503   0.051309    13.57  0.0000

No. Observations :      2204  No. Parameters  :         9
Mean (Y)         :   0.06615  Variance (Y)    :   1.70288
Skewness (Y)     :   0.44358  Kurtosis (Y)    :  37.07081
Log Likelihood   : -3125.255  Alpha[1]+Beta[1]:   1.00000

The sample mean of squared residuals was used to start recursion.
The positivity constraint for the GARCH (1,1) is observed.
This constraint is alpha[L]/[1 - beta(L)] >= 0.
The unconditional variance is 19018.3
The conditions are alpha[0] > 0, alpha[L] + beta[L] < 1 and alpha[i] + beta[i] >= 0.
  => See Doornik & Ooms (2001) for more details.
The condition for existence of the fourth moment of the GARCH is not observed.
The constraint equals 1.18421 and should be < 1.
  => See Ling & McAleer (2001) for details.

Estimated Parameters Vector : 
 0.035492;-0.133840;-0.055769;-0.035072; 0.120208; 0.129963; 0.076277; 0.303493; 0.696503
Elapsed Time : 0.24 seconds (or 0.004 minutes).

Ox Professional version 7.00 (OS_X/U) (C) J.A. Doornik, 1994-2013
Copyright for this package: S. Laurent, 2000-2012.
G@RCH package version 7.0, object created on 28-07-2016


 ********************
 ** SPECIFICATIONS **
 ********************
The dataset is: /Users/stuartlee/Desktop/Project/Colombo prices daily orig.csv
The estimation sample is:  1999-01-04 - 2008-06-12
The dependent variable is: ALL SHARE %
Mean Equation:  ARMA (0, 0) model.
5 regressor(s) in the conditional mean.
Variance Equation:  GARCH (1, 1) model.
No regressor in the conditional variance
Normal distribution.

Strong convergence using numerical derivatives
Log-likelihood = -3377.78
Please wait : Computing the Std Errors ...

 Robust Standard Errors (Sandwich formula)
                  Coefficient  Std.Error  t-value  t-prob
Cst(M)               0.025803   0.076614   0.3368  0.7363
MON (M)             -0.113882   0.096745   -1.177  0.2393
TUE (M)             -0.059537   0.085789  -0.6940  0.4878
WED (M)             -0.045521    0.10091  -0.4511  0.6520
THU (M)              0.098856   0.089529    1.104  0.2696
FRI (M)              0.135888   0.072809    1.866  0.0621
Cst(V)               0.068201   0.025881    2.635  0.0085
ARCH(Alpha1)         0.305869   0.063321    4.830  0.0000
GARCH(Beta1)         0.694127   0.049911    13.91  0.0000

No. Observations :      2464  No. Parameters  :         9
Mean (Y)         :   0.05745  Variance (Y)    :   1.57114
Skewness (Y)     :   0.46177  Kurtosis (Y)    :  39.01656
Log Likelihood   : -3377.782  Alpha[1]+Beta[1]:   1.00000

The sample mean of squared residuals was used to start recursion.
The positivity constraint for the GARCH (1,1) is observed.
This constraint is alpha[L]/[1 - beta(L)] >= 0.
The unconditional variance is 17007.8
The conditions are alpha[0] > 0, alpha[L] + beta[L] < 1 and alpha[i] + beta[i] >= 0.
  => See Doornik & Ooms (2001) for more details.
The condition for existence of the fourth moment of the GARCH is not observed.
The constraint equals 1.1871 and should be < 1.
  => See Ling & McAleer (2001) for details.

Estimated Parameters Vector : 
 0.025803;-0.113882;-0.059537;-0.045521; 0.098856; 0.135888; 0.068201; 0.305869; 0.694127
Elapsed Time : 0.26 seconds (or 0.00433333 minutes).

Ox Professional version 7.00 (OS_X/U) (C) J.A. Doornik, 1994-2013
Copyright for this package: S. Laurent, 2000-2012.
G@RCH package version 7.0, object created on 28-07-2016


 ********************
 ** SPECIFICATIONS **
 ********************
The dataset is: /Users/stuartlee/Desktop/Project/Colombo prices daily orig.csv
The estimation sample is:  2001-01-03 - 2008-06-12
The dependent variable is: ALL SHARE %
Mean Equation:  ARMA (0, 0) model.
5 regressor(s) in the conditional mean.
Variance Equation:  GARCH (1, 1) model.
No regressor in the conditional variance
Normal distribution.

Strong convergence using numerical derivatives
Log-likelihood = -2837.97
Please wait : Computing the Std Errors ...

 Robust Standard Errors (Sandwich formula)
                  Coefficient  Std.Error  t-value  t-prob
Cst(M)               0.056600   0.051346    1.102  0.2705
MON (M)             -0.135826   0.063394   -2.143  0.0323
TUE (M)             -0.057649   0.048887   -1.179  0.2385
WED (M)             -0.041002    0.10405  -0.3940  0.6936
THU (M)              0.158545   0.071430    2.220  0.0266
FRI (M)              0.122530   0.062513    1.960  0.0501
Cst(V)               0.083899   0.036784    2.281  0.0227
ARCH(Alpha1)         0.304044   0.066563    4.568  0.0000
GARCH(Beta1)         0.695952   0.055785    12.48  0.0000

No. Observations :      1942  No. Parameters  :         9
Mean (Y)         :   0.08774  Variance (Y)    :   1.84913
Skewness (Y)     :   0.41779  Kurtosis (Y)    :  35.54600
Log Likelihood   : -2837.966  Alpha[1]+Beta[1]:   1.00000

The sample mean of squared residuals was used to start recursion.
The positivity constraint for the GARCH (1,1) is observed.
This constraint is alpha[L]/[1 - beta(L)] >= 0.
The unconditional variance is 20922.4
The conditions are alpha[0] > 0, alpha[L] + beta[L] < 1 and alpha[i] + beta[i] >= 0.
  => See Doornik & Ooms (2001) for more details.
The condition for existence of the fourth moment of the GARCH is not observed.
The constraint equals 1.18488 and should be < 1.
  => See Ling & McAleer (2001) for details.

Estimated Parameters Vector : 
 0.056600;-0.135826;-0.057649;-0.041002; 0.158545; 0.122530; 0.083899; 0.304044; 0.695952
Elapsed Time : 0.22 seconds (or 0.00366667 minutes).

Ox Professional version 7.00 (OS_X/U) (C) J.A. Doornik, 1994-2013
Copyright for this package: S. Laurent, 2000-2012.
G@RCH package version 7.0, object created on 28-07-2016


 ********************
 ** SPECIFICATIONS **
 ********************
The dataset is: /Users/stuartlee/Desktop/Project/Colombo prices daily orig.csv
The estimation sample is:  2002-01-03 - 2008-05-12
The dependent variable is: ALL SHARE %
Mean Equation:  ARMA (0, 0) model.
5 regressor(s) in the conditional mean.
Variance Equation:  GARCH (1, 1) model.
No regressor in the conditional variance
Normal distribution.

Strong convergence using numerical derivatives
Log-likelihood = -2396.54
Please wait : Computing the Std Errors ...

 Robust Standard Errors (Sandwich formula)
                  Coefficient  Std.Error  t-value  t-prob
Cst(M)               0.086347   0.060475    1.428  0.1535
MON (M)             -0.152801   0.075709   -2.018  0.0437
TUE (M)             -0.104460   0.051378   -2.033  0.0422
WED (M)              0.066454   0.064669    1.028  0.3043
THU (M)              0.176324   0.078914    2.234  0.0256
FRI (M)              0.090822   0.068035    1.335  0.1821
Cst(V)               0.080019   0.028973    2.762  0.0058
ARCH(Alpha1)         0.295247   0.070659    4.178  0.0000
GARCH(Beta1)         0.704749   0.056031    12.58  0.0000

No. Observations :      1658  No. Parameters  :         9
Mean (Y)         :   0.08811  Variance (Y)    :   1.76381
Skewness (Y)     :  -1.11148  Kurtosis (Y)    :  23.60241
Log Likelihood   : -2396.543  Alpha[1]+Beta[1]:   1.00000

The sample mean of squared residuals was used to start recursion.
The positivity constraint for the GARCH (1,1) is observed.
This constraint is alpha[L]/[1 - beta(L)] >= 0.
The unconditional variance is 19955
The conditions are alpha[0] > 0, alpha[L] + beta[L] < 1 and alpha[i] + beta[i] >= 0.
  => See Doornik & Ooms (2001) for more details.
The condition for existence of the fourth moment of the GARCH is not observed.
The constraint equals 1.17433 and should be < 1.
  => See Ling & McAleer (2001) for details.

Estimated Parameters Vector : 
 0.086347;-0.152801;-0.104460; 0.066454; 0.176324; 0.090822; 0.080019; 0.295247; 0.704749
Elapsed Time : 0.19 seconds (or 0.00316667 minutes).

Ox Professional version 7.00 (OS_X/U) (C) J.A. Doornik, 1994-2013
Copyright for this package: S. Laurent, 2000-2012.
G@RCH package version 7.0, object created on 28-07-2016


 ********************
 ** SPECIFICATIONS **
 ********************
The dataset is: /Users/stuartlee/Desktop/Project/Colombo prices daily orig.csv
The estimation sample is:  2003-01-03 - 2008-05-12
The dependent variable is: ALL SHARE %
Mean Equation:  ARMA (0, 0) model.
5 regressor(s) in the conditional mean.
Variance Equation:  GARCH (1, 1) model.
No regressor in the conditional variance
Normal distribution.

Strong convergence using numerical derivatives
Log-likelihood = -2026.16
Please wait : Computing the Std Errors ...

 Robust Standard Errors (Sandwich formula)
                  Coefficient  Std.Error  t-value  t-prob
Cst(M)               0.086668    0.12891   0.6723  0.5015
MON (M)             -0.150601    0.15933  -0.9452  0.3447
TUE (M)             -0.106203    0.11273  -0.9421  0.3463
WED (M)              0.058687   0.092663   0.6333  0.5266
THU (M)              0.187154    0.13443    1.392  0.1641
FRI (M)              0.087618    0.13323   0.6577  0.5109
Cst(V)               0.080042   0.031331    2.555  0.0107
ARCH(Alpha1)         0.289447   0.076699    3.774  0.0002
GARCH(Beta1)         0.710549   0.060706    11.70  0.0000

No. Observations :      1397  No. Parameters  :         9
Mean (Y)         :   0.08371  Variance (Y)    :   1.86450
Skewness (Y)     :  -1.26521  Kurtosis (Y)    :  24.53674
Log Likelihood   : -2026.162  Alpha[1]+Beta[1]:   1.00000

The sample mean of squared residuals was used to start recursion.
The positivity constraint for the GARCH (1,1) is observed.
This constraint is alpha[L]/[1 - beta(L)] >= 0.
The unconditional variance is 19958.1
The conditions are alpha[0] > 0, alpha[L] + beta[L] < 1 and alpha[i] + beta[i] >= 0.
  => See Doornik & Ooms (2001) for more details.
The condition for existence of the fourth moment of the GARCH is not observed.
The constraint equals 1.16755 and should be < 1.
  => See Ling & McAleer (2001) for details.

Estimated Parameters Vector : 
 0.086668;-0.150601;-0.106203; 0.058687; 0.187154; 0.087618; 0.080042; 0.289447; 0.710549
Elapsed Time : 0.16 seconds (or 0.00266667 minutes).

Ox Professional version 7.00 (OS_X/U) (C) J.A. Doornik, 1994-2013
Copyright for this package: S. Laurent, 2000-2012.
G@RCH package version 7.0, object created on 28-07-2016


 ********************
 ** SPECIFICATIONS **
 ********************
The dataset is: /Users/stuartlee/Desktop/Project/Colombo prices daily orig.csv
The estimation sample is:  2002-01-03 - 2008-05-12
The dependent variable is: ALL SHARE %
Mean Equation:  ARMA (0, 0) model.
5 regressor(s) in the conditional mean.
Variance Equation:  GARCH (1, 1) model.
No regressor in the conditional variance
Normal distribution.

Strong convergence using numerical derivatives
Log-likelihood = -2396.54
Please wait : Computing the Std Errors ...

 Robust Standard Errors (Sandwich formula)
                  Coefficient  Std.Error  t-value  t-prob
Cst(M)               0.086347   0.060475    1.428  0.1535
MON (M)             -0.152801   0.075709   -2.018  0.0437
TUE (M)             -0.104460   0.051378   -2.033  0.0422
WED (M)              0.066454   0.064669    1.028  0.3043
THU (M)              0.176324   0.078914    2.234  0.0256
FRI (M)              0.090822   0.068035    1.335  0.1821
Cst(V)               0.080019   0.028973    2.762  0.0058
ARCH(Alpha1)         0.295247   0.070659    4.178  0.0000
GARCH(Beta1)         0.704749   0.056031    12.58  0.0000

No. Observations :      1658  No. Parameters  :         9
Mean (Y)         :   0.08811  Variance (Y)    :   1.76381
Skewness (Y)     :  -1.11148  Kurtosis (Y)    :  23.60241
Log Likelihood   : -2396.543  Alpha[1]+Beta[1]:   1.00000

The sample mean of squared residuals was used to start recursion.
The positivity constraint for the GARCH (1,1) is observed.
This constraint is alpha[L]/[1 - beta(L)] >= 0.
The unconditional variance is 19955
The conditions are alpha[0] > 0, alpha[L] + beta[L] < 1 and alpha[i] + beta[i] >= 0.
  => See Doornik & Ooms (2001) for more details.
The condition for existence of the fourth moment of the GARCH is not observed.
The constraint equals 1.17433 and should be < 1.
  => See Ling & McAleer (2001) for details.

Estimated Parameters Vector : 
 0.086347;-0.152801;-0.104460; 0.066454; 0.176324; 0.090822; 0.080019; 0.295247; 0.704749
Elapsed Time : 0.2 seconds (or 0.00333333 minutes).

Ox Professional version 7.00 (OS_X/U) (C) J.A. Doornik, 1994-2013
Copyright for this package: S. Laurent, 2000-2012.
G@RCH package version 7.0, object created on 28-07-2016


 ********************
 ** SPECIFICATIONS **
 ********************
The dataset is: /Users/stuartlee/Desktop/Project/Colombo prices daily orig.csv
The estimation sample is:  2002-01-03 - 2009-05-12
The dependent variable is: ALL SHARE %
Mean Equation:  ARMA (0, 0) model.
5 regressor(s) in the conditional mean.
Variance Equation:  GARCH (1, 1) model.
No regressor in the conditional variance
Normal distribution.

Strong convergence using numerical derivatives
Log-likelihood = -2790.52
Please wait : Computing the Std Errors ...

 Robust Standard Errors (Sandwich formula)
                  Coefficient  Std.Error  t-value  t-prob
Cst(M)               0.062405   0.039653    1.574  0.1157
MON (M)             -0.131323   0.058698   -2.237  0.0254
TUE (M)             -0.116831   0.021111   -5.534  0.0000
WED (M)              0.041045   0.058660   0.6997  0.4842
THU (M)              0.157667   0.057775    2.729  0.0064
FRI (M)              0.101847   0.059608    1.709  0.0877
Cst(V)               0.077810   0.025228    3.084  0.0021
ARCH(Alpha1)         0.292532   0.061668    4.744  0.0000
GARCH(Beta1)         0.707464   0.048560    14.57  0.0000

No. Observations :      1919  No. Parameters  :         9
Mean (Y)         :   0.05883  Variance (Y)    :   1.76547
Skewness (Y)     :  -0.94693  Kurtosis (Y)    :  21.16432
Log Likelihood   : -2790.522  Alpha[1]+Beta[1]:   1.00000

The sample mean of squared residuals was used to start recursion.
The positivity constraint for the GARCH (1,1) is observed.
This constraint is alpha[L]/[1 - beta(L)] >= 0.
The unconditional variance is 19404
The conditions are alpha[0] > 0, alpha[L] + beta[L] < 1 and alpha[i] + beta[i] >= 0.
  => See Doornik & Ooms (2001) for more details.
The condition for existence of the fourth moment of the GARCH is not observed.
The constraint equals 1.17114 and should be < 1.
  => See Ling & McAleer (2001) for details.

Estimated Parameters Vector : 
 0.062405;-0.131323;-0.116831; 0.041045; 0.157667; 0.101847; 0.077810; 0.292532; 0.707464
Elapsed Time : 0.22 seconds (or 0.00366667 minutes).

Ox Professional version 7.00 (OS_X/U) (C) J.A. Doornik, 1994-2013
Copyright for this package: S. Laurent, 2000-2012.
G@RCH package version 7.0, object created on 28-07-2016


 ********************
 ** SPECIFICATIONS **
 ********************
The dataset is: /Users/stuartlee/Desktop/Project/Colombo prices daily orig.csv
The estimation sample is:  2016-05-02 - 2016-07-11
The dependent variable is: ALL SHARE %
Mean Equation:  ARMA (0, 0) model.
5 regressor(s) in the conditional mean.
Variance Equation:  GARCH (1, 1) model.
No regressor in the conditional variance
Normal distribution.

Strong convergence using numerical derivatives
Log-likelihood = -22.8192
Please wait : Computing the Std Errors ...

 Robust Standard Errors (Sandwich formula)
                  Coefficient  Std.Error  t-value  t-prob
Cst(M)              -0.036893    0.25168  -0.1466  0.8842
MON (M)             -0.058877    0.25324  -0.2325  0.8173
TUE (M)              0.017528    0.25225  0.06948  0.9449
WED (M)             -0.018943    0.26292 -0.07205  0.9429
THU (M)             -0.155026    0.26805  -0.5783  0.5661
FRI (M)              0.168426    0.28628   0.5883  0.5595
Cst(V)               0.015072   0.022207   0.6787  0.5010
ARCH(Alpha1)         0.000000   0.018070     0.00  1.0000
GARCH(Beta1)         0.884008    0.17877    4.945  0.0000

No. Observations :        51  No. Parameters  :         9
Mean (Y)         :  -0.04382  Variance (Y)    :   0.15477
Skewness (Y)     :   0.10683  Kurtosis (Y)    :   3.79869
Log Likelihood   :   -22.819  Alpha[1]+Beta[1]:   0.88401

The sample mean of squared residuals was used to start recursion.
The positivity constraint for the GARCH (1,1) is observed.
This constraint is alpha[L]/[1 - beta(L)] >= 0.
The unconditional variance is 0.12994
The conditions are alpha[0] > 0, alpha[L] + beta[L] < 1 and alpha[i] + beta[i] >= 0.
  => See Doornik & Ooms (2001) for more details.
The condition for existence of the fourth moment of the GARCH is observed.
The constraint equals 0.78147 and should be < 1.
  => See Ling & McAleer (2001) for details.

Estimated Parameters Vector : 
-0.036893;-0.058877; 0.017528;-0.018943;-0.155026; 0.168426; 0.015072; 0.000000; 0.884008
Elapsed Time : 0.03 seconds (or 0.0005 minutes).

Ox Professional version 7.00 (OS_X/U) (C) J.A. Doornik, 1994-2013
Copyright for this package: S. Laurent, 2000-2012.
G@RCH package version 7.0, object created on 28-07-2016


 ********************
 ** SPECIFICATIONS **
 ********************
The dataset is: /Users/stuartlee/Desktop/Project/Colombo prices daily orig.csv
The estimation sample is:  2016-01-01 - 2016-07-11
The dependent variable is: ALL SHARE %
Mean Equation:  ARMA (0, 0) model.
5 regressor(s) in the conditional mean.
Variance Equation:  GARCH (1, 1) model.
No regressor in the conditional variance
Normal distribution.

Strong convergence using numerical derivatives
Log-likelihood = -113.789
Please wait : Computing the Std Errors ...

 Robust Standard Errors (Sandwich formula)
                  Coefficient  Std.Error  t-value  t-prob
Cst(M)              -0.037180    0.32128  -0.1157  0.9081
MON (M)             -0.161413    0.39367  -0.4100  0.6825
TUE (M)             -0.065032    0.31167  -0.2087  0.8350
WED (M)             -0.022471    0.32863 -0.06838  0.9456
THU (M)             -0.027807    0.30765 -0.09039  0.9281
FRI (M)              0.213000    0.32535   0.6547  0.5138
Cst(V)               0.062390   0.030479    2.047  0.0427
ARCH(Alpha1)         0.153683   0.072065    2.133  0.0349
GARCH(Beta1)         0.661903   0.088963    7.440  0.0000

No. Observations :       137  No. Parameters  :         9
Mean (Y)         :  -0.05750  Variance (Y)    :   0.35726
Skewness (Y)     :  -0.27898  Kurtosis (Y)    :   4.56904
Log Likelihood   :  -113.789  Alpha[1]+Beta[1]:   0.81559

The sample mean of squared residuals was used to start recursion.
The positivity constraint for the GARCH (1,1) is observed.
This constraint is alpha[L]/[1 - beta(L)] >= 0.
The unconditional variance is 0.338315
The conditions are alpha[0] > 0, alpha[L] + beta[L] < 1 and alpha[i] + beta[i] >= 0.
  => See Doornik & Ooms (2001) for more details.
The condition for existence of the fourth moment of the GARCH is observed.
The constraint equals 0.712417 and should be < 1.
  => See Ling & McAleer (2001) for details.

Estimated Parameters Vector : 
-0.037180;-0.161413;-0.065032;-0.022471;-0.027807; 0.213000; 0.062390; 0.153683; 0.661903
Elapsed Time : 0.06 seconds (or 0.001 minutes).

Ox Professional version 7.00 (OS_X/U) (C) J.A. Doornik, 1994-2013
Copyright for this package: S. Laurent, 2000-2012.
G@RCH package version 7.0, object created on 28-07-2016


 ********************
 ** SPECIFICATIONS **
 ********************
The dataset is: /Users/stuartlee/Desktop/Project/Colombo prices daily orig.csv
The estimation sample is:  2000-01-03 - 2016-07-11
The dependent variable is: ALL SHARE %
Mean Equation:  ARMA (0, 0) model.
5 regressor(s) in the conditional mean.
Variance Equation:  GARCH (1, 1) model.
No regressor in the conditional variance
Normal distribution.

Strong convergence using numerical derivatives
Log-likelihood = -5485.49
Please wait : Computing the Std Errors ...

 Robust Standard Errors (Sandwich formula)
                  Coefficient  Std.Error  t-value  t-prob
Cst(M)               0.029858   0.023775    1.256  0.2092
MON (M)             -0.115639   0.032532   -3.555  0.0004
TUE (M)             -0.081738   0.032114   -2.545  0.0110
WED (M)             -0.006776   0.036457  -0.1859  0.8526
THU (M)              0.102524   0.036722    2.792  0.0053			e
FRI (M)              0.121510   0.029253    4.154  0.0000
Cst(V)               0.041249   0.014889    2.770  0.0056
ARCH(Alpha1)         0.259454   0.042154    6.155  0.0000
GARCH(Beta1)         0.740542   0.040864    18.12  0.0000

No. Observations :      4311  No. Parameters  :         9
Mean (Y)         :   0.05590  Variance (Y)    :   1.25925
Skewness (Y)     :   0.43554  Kurtosis (Y)    :  36.53397
Log Likelihood   : -5485.490  Alpha[1]+Beta[1]:   1.00000

The sample mean of squared residuals was used to start recursion.
The positivity constraint for the GARCH (1,1) is observed.
This constraint is alpha[L]/[1 - beta(L)] >= 0.
The unconditional variance is 10283.2
The conditions are alpha[0] > 0, alpha[L] + beta[L] < 1 and alpha[i] + beta[i] >= 0.
  => See Doornik & Ooms (2001) for more details.
The condition for existence of the fourth moment of the GARCH is not observed.
The constraint equals 1.13462 and should be < 1.
  => See Ling & McAleer (2001) for details.

Estimated Parameters Vector : 
 0.029858;-0.115639;-0.081738;-0.006776; 0.102524; 0.121510; 0.041249; 0.259454; 0.740542
Elapsed Time : 0.44 seconds (or 0.00733333 minutes).

Ox Professional version 7.00 (OS_X/U) (C) J.A. Doornik, 1994-2013
Copyright for this package: S. Laurent, 2000-2012.
G@RCH package version 7.0, object created on 28-07-2016


 ********************
 ** SPECIFICATIONS **
 ********************
The dataset is: /Users/stuartlee/Desktop/Project/Colombo prices daily orig.csv
The estimation sample is:  2000-01-03 - 2008-07-11
The dependent variable is: ALL SHARE %
Mean Equation:  ARMA (0, 0) model.
5 regressor(s) in the conditional mean.
Variance Equation:  GARCH (1, 1) model.
No regressor in the conditional variance
Normal distribution.

Strong convergence using numerical derivatives
Log-likelihood = -3144.98
Please wait : Computing the Std Errors ...

 Robust Standard Errors (Sandwich formula)
                  Coefficient  Std.Error  t-value  t-prob
Cst(M)               0.033206    0.30820   0.1077  0.9142
MON (M)             -0.131461    0.28811  -0.4563  0.6482
TUE (M)             -0.060431    0.29061  -0.2079  0.8353
WED (M)             -0.034910    0.36653 -0.09525  0.9241
THU (M)              0.118643    0.32175   0.3687  0.7124
FRI (M)              0.131364    0.29555   0.4445  0.6567
Cst(V)               0.075294   0.029228    2.576  0.0101
ARCH(Alpha1)         0.302881   0.065536    4.622  0.0000
GARCH(Beta1)         0.697115   0.051116    13.64  0.0000

No. Observations :      2225  No. Parameters  :         9
Mean (Y)         :   0.06489  Variance (Y)    :   1.69016
Skewness (Y)     :   0.44709  Kurtosis (Y)    :  37.27842
Log Likelihood   : -3144.976  Alpha[1]+Beta[1]:   1.00000

The sample mean of squared residuals was used to start recursion.
The positivity constraint for the GARCH (1,1) is observed.
This constraint is alpha[L]/[1 - beta(L)] >= 0.
The unconditional variance is 18776.6
The conditions are alpha[0] > 0, alpha[L] + beta[L] < 1 and alpha[i] + beta[i] >= 0.
  => See Doornik & Ooms (2001) for more details.
The condition for existence of the fourth moment of the GARCH is not observed.
The constraint equals 1.18347 and should be < 1.
  => See Ling & McAleer (2001) for details.

Estimated Parameters Vector : 
 0.033206;-0.131461;-0.060431;-0.034910; 0.118643; 0.131364; 0.075294; 0.302881; 0.697115
Elapsed Time : 0.23 seconds (or 0.00383333 minutes).

Ox Professional version 7.00 (OS_X/U) (C) J.A. Doornik, 1994-2013
Copyright for this package: S. Laurent, 2000-2012.
G@RCH package version 7.0, object created on 28-07-2016


 ********************
 ** SPECIFICATIONS **
 ********************
The dataset is: /Users/stuartlee/Desktop/Project/Colombo prices daily orig.csv
The estimation sample is:  2000-01-03 - 2004-07-09
The dependent variable is: ALL SHARE %
Mean Equation:  ARMA (0, 0) model.
5 regressor(s) in the conditional mean.
Variance Equation:  GARCH (1, 1) model.
No regressor in the conditional variance
Normal distribution.

Strong convergence using numerical derivatives
Log-likelihood = -1810.24
Please wait : Computing the Std Errors ...

 Robust Standard Errors (Sandwich formula)
                  Coefficient  Std.Error  t-value  t-prob
Cst(M)              -0.012081    0.11757  -0.1028  0.9182
MON (M)             -0.070656    0.12307  -0.5741  0.5660
TUE (M)             -0.055851    0.12831  -0.4353  0.6634
WED (M)             -0.139899    0.20143  -0.6945  0.4875
THU (M)              0.064519    0.15566   0.4145  0.6786
FRI (M)              0.179807   0.075497    2.382  0.0174
Cst(V)               0.084422   0.060040    1.406  0.1600
ARCH(Alpha1)         0.321300   0.070002    4.590  0.0000
GARCH(Beta1)         0.678696   0.082135    8.263  0.0000

No. Observations :      1180  No. Parameters  :         9
Mean (Y)         :   0.07387  Variance (Y)    :   2.26812
Skewness (Y)     :   0.82142  Kurtosis (Y)    :  35.98085
Log Likelihood   : -1810.244  Alpha[1]+Beta[1]:   1.00000

The sample mean of squared residuals was used to start recursion.
The positivity constraint for the GARCH (1,1) is observed.
This constraint is alpha[L]/[1 - beta(L)] >= 0.
The unconditional variance is 21052.8
The conditions are alpha[0] > 0, alpha[L] + beta[L] < 1 and alpha[i] + beta[i] >= 0.
  => See Doornik & Ooms (2001) for more details.
The condition for existence of the fourth moment of the GARCH is not observed.
The constraint equals 1.20646 and should be < 1.
  => See Ling & McAleer (2001) for details.

Estimated Parameters Vector : 
-0.012081;-0.070656;-0.055851;-0.139899; 0.064519; 0.179807; 0.084422; 0.321300; 0.678696
Elapsed Time : 0.15 seconds (or 0.0025 minutes).

Ox Professional version 7.00 (OS_X/U) (C) J.A. Doornik, 1994-2013
Copyright for this package: S. Laurent, 2000-2012.
G@RCH package version 7.0, object created on 28-07-2016


 ********************
 ** SPECIFICATIONS **
 ********************
The dataset is: /Users/stuartlee/Desktop/Project/Colombo prices daily orig.csv
The estimation sample is:  2008-01-01 - 2016-07-11
The dependent variable is: ALL SHARE %
Mean Equation:  ARMA (0, 0) model.
5 regressor(s) in the conditional mean.
Variance Equation:  GARCH (1, 1) model.
No regressor in the conditional variance
Normal distribution.

Strong convergence using numerical derivatives
Log-likelihood = -2455.89
Please wait : Computing the Std Errors ...

 Robust Standard Errors (Sandwich formula)
                  Coefficient  Std.Error  t-value  t-prob
Cst(M)               0.031671   0.016814    1.884  0.0598
MON (M)             -0.086456   0.032921   -2.626  0.0087
TUE (M)             -0.083569   0.027817   -3.004  0.0027
WED (M)              0.013196   0.029442   0.4482  0.6541
THU (M)              0.098300   0.031174    3.153  0.0016
FRI (M)              0.088057   0.025458    3.459  0.0006
Cst(V)               0.018533  0.0069385    2.671  0.0076
ARCH(Alpha1)         0.180890   0.033582    5.386  0.0000
GARCH(Beta1)         0.811135   0.034579    23.46  0.0000

No. Observations :      2225  No. Parameters  :         9
Mean (Y)         :   0.04132  Variance (Y)    :   0.77800
Skewness (Y)     :   0.29149  Kurtosis (Y)    :   9.59943
Log Likelihood   : -2455.890  Alpha[1]+Beta[1]:   0.99202

The sample mean of squared residuals was used to start recursion.
The positivity constraint for the GARCH (1,1) is observed.
This constraint is alpha[L]/[1 - beta(L)] >= 0.
The unconditional variance is 2.32376
The conditions are alpha[0] > 0, alpha[L] + beta[L] < 1 and alpha[i] + beta[i] >= 0.
  => See Doornik & Ooms (2001) for more details.
The condition for existence of the fourth moment of the GARCH is not observed.
The constraint equals 1.04956 and should be < 1.
  => See Ling & McAleer (2001) for details.

Estimated Parameters Vector : 
 0.031671;-0.086456;-0.083569; 0.013196; 0.098300; 0.088057; 0.018533; 0.180890; 0.811135
Elapsed Time : 0.28 seconds (or 0.00466667 minutes).

Ox Professional version 7.00 (OS_X/U) (C) J.A. Doornik, 1994-2013
Copyright for this package: S. Laurent, 2000-2012.
G@RCH package version 7.0, object created on 28-07-2016


 ********************
 ** SPECIFICATIONS **
 ********************
The dataset is: /Users/stuartlee/Desktop/Project/Colombo prices daily orig.csv
The estimation sample is:  2008-01-01 - 2016-06-10
The dependent variable is: ALL SHARE %
Mean Equation:  ARMA (0, 0) model.
5 regressor(s) in the conditional mean.
Variance Equation:  GARCH (1, 1) model.
No regressor in the conditional variance
Normal distribution.

Strong convergence using numerical derivatives
Log-likelihood = -2440.84
Please wait : Computing the Std Errors ...

 Robust Standard Errors (Sandwich formula)
                  Coefficient  Std.Error  t-value  t-prob
Cst(M)               0.034359   0.018108    1.897  0.0579
MON (M)             -0.084358   0.034432   -2.450  0.0144
TUE (M)             -0.085601   0.024628   -3.476  0.0005
WED (M)              0.013713   0.031677   0.4329  0.6651
THU (M)              0.104658   0.028937    3.617  0.0003
FRI (M)              0.083211   0.021876    3.804  0.0001
Cst(V)               0.018051  0.0068624    2.630  0.0086
ARCH(Alpha1)         0.182796   0.033177    5.510  0.0000
GARCH(Beta1)         0.810877   0.033816    23.98  0.0000

No. Observations :      2204  No. Parameters  :         9
Mean (Y)         :   0.04283  Variance (Y)    :   0.78341
Skewness (Y)     :   0.28712  Kurtosis (Y)    :   9.55365
Log Likelihood   : -2440.844  Alpha[1]+Beta[1]:   0.99367

The sample mean of squared residuals was used to start recursion.
The positivity constraint for the GARCH (1,1) is observed.
This constraint is alpha[L]/[1 - beta(L)] >= 0.
The unconditional variance is 2.85268
The conditions are alpha[0] > 0, alpha[L] + beta[L] < 1 and alpha[i] + beta[i] >= 0.
  => See Doornik & Ooms (2001) for more details.
The condition for existence of the fourth moment of the GARCH is not observed.
The constraint equals 1.05421 and should be < 1.
  => See Ling & McAleer (2001) for details.

Estimated Parameters Vector : 
 0.034359;-0.084358;-0.085601; 0.013713; 0.104658; 0.083211; 0.018051; 0.182796; 0.810877
Elapsed Time : 0.24 seconds (or 0.004 minutes).

Ox Professional version 7.00 (OS_X/U) (C) J.A. Doornik, 1994-2013
Copyright for this package: S. Laurent, 2000-2012.
G@RCH package version 7.0, object created on 28-07-2016


 ********************
 ** SPECIFICATIONS **
 ********************
The dataset is: /Users/stuartlee/Desktop/Project/Colombo prices daily orig.csv
The estimation sample is:  2008-06-02 - 2016-06-10
The dependent variable is: ALL SHARE %
Mean Equation:  ARMA (0, 0) model.
5 regressor(s) in the conditional mean.
Variance Equation:  GARCH (1, 1) model.
No regressor in the conditional variance
Normal distribution.

Strong convergence using numerical derivatives
Log-likelihood = -2325.22
Please wait : Computing the Std Errors ...

 Robust Standard Errors (Sandwich formula)
                  Coefficient  Std.Error  t-value  t-prob
Cst(M)               0.030953   0.035524   0.8713  0.3837
MON (M)             -0.089188   0.039517   -2.257  0.0241
TUE (M)             -0.096922   0.053630   -1.807  0.0709
WED (M)              0.018743   0.051394   0.3647  0.7154
THU (M)              0.106188   0.031440    3.378  0.0007
FRI (M)              0.103545   0.029589    3.499  0.0005
Cst(V)               0.017019  0.0069254    2.457  0.0141
ARCH(Alpha1)         0.185229   0.034584    5.356  0.0000
GARCH(Beta1)         0.811202   0.035695    22.73  0.0000

No. Observations :      2095  No. Parameters  :         9
Mean (Y)         :   0.04511  Variance (Y)    :   0.79936
Skewness (Y)     :   0.27994  Kurtosis (Y)    :   9.52101
Log Likelihood   : -2325.220  Alpha[1]+Beta[1]:   0.99643

The sample mean of squared residuals was used to start recursion.
The positivity constraint for the GARCH (1,1) is observed.
This constraint is alpha[L]/[1 - beta(L)] >= 0.
The unconditional variance is 4.76817
The conditions are alpha[0] > 0, alpha[L] + beta[L] < 1 and alpha[i] + beta[i] >= 0.
  => See Doornik & Ooms (2001) for more details.
The condition for existence of the fourth moment of the GARCH is not observed.
The constraint equals 1.06149 and should be < 1.
  => See Ling & McAleer (2001) for details.

Estimated Parameters Vector : 
 0.030953;-0.089188;-0.096922; 0.018743; 0.106188; 0.103545; 0.017019; 0.185229; 0.811202
Elapsed Time : 0.26 seconds (or 0.00433333 minutes).

Ox Professional version 7.00 (OS_X/U) (C) J.A. Doornik, 1994-2013
Copyright for this package: S. Laurent, 2000-2012.
G@RCH package version 7.0, object created on 28-07-2016


 ********************
 ** SPECIFICATIONS **
 ********************
The dataset is: /Users/stuartlee/Desktop/Project/Colombo prices daily orig.csv
The estimation sample is:  2009-05-01 - 2016-07-11
The dependent variable is: ALL SHARE %
Mean Equation:  ARMA (0, 0) model.
5 regressor(s) in the conditional mean.
Variance Equation:  GARCH (1, 1) model.
No regressor in the conditional variance
Normal distribution.

Strong convergence using numerical derivatives
Log-likelihood = -1972.26
Please wait : Computing the Std Errors ...

 Robust Standard Errors (Sandwich formula)
                  Coefficient  Std.Error  t-value  t-prob
Cst(M)               0.038984   0.069714   0.5592  0.5761
MON (M)             -0.104604   0.080808   -1.294  0.1957
TUE (M)             -0.090471   0.077387   -1.169  0.2425
WED (M)              0.028614   0.084171   0.3400  0.7339
THU (M)              0.099460   0.077445    1.284  0.1992
FRI (M)              0.095994   0.056212    1.708  0.0879
Cst(V)               0.018377  0.0062202    2.954  0.0032
ARCH(Alpha1)         0.179754   0.036688    4.900  0.0000
GARCH(Beta1)         0.807718   0.032712    24.69  0.0000

No. Observations :      1877  No. Parameters  :         9
Mean (Y)         :   0.06622  Variance (Y)    :   0.65419
Skewness (Y)     :   0.52830  Kurtosis (Y)    :   9.19863
Log Likelihood   : -1972.265  Alpha[1]+Beta[1]:   0.98747

The sample mean of squared residuals was used to start recursion.
The positivity constraint for the GARCH (1,1) is observed.
This constraint is alpha[L]/[1 - beta(L)] >= 0.
The unconditional variance is 1.46691
The conditions are alpha[0] > 0, alpha[L] + beta[L] < 1 and alpha[i] + beta[i] >= 0.
  => See Doornik & Ooms (2001) for more details.
The condition for existence of the fourth moment of the GARCH is not observed.
The constraint equals 1.03972 and should be < 1.
  => See Ling & McAleer (2001) for details.

Estimated Parameters Vector : 
 0.038984;-0.104604;-0.090471; 0.028614; 0.099460; 0.095994; 0.018377; 0.179754; 0.807718
Elapsed Time : 0.2 seconds (or 0.00333333 minutes).

Ox Professional version 7.00 (OS_X/U) (C) J.A. Doornik, 1994-2013
Copyright for this package: S. Laurent, 2000-2012.
G@RCH package version 7.0, object created on 28-07-2016


 ********************
 ** SPECIFICATIONS **
 ********************
The dataset is: /Users/stuartlee/Desktop/Project/Colombo prices daily orig.csv
The estimation sample is:  2009-05-01 - 2016-06-10
The dependent variable is: ALL SHARE %
Mean Equation:  ARMA (0, 0) model.
5 regressor(s) in the conditional mean.
Variance Equation:  GARCH (1, 1) model.
No regressor in the conditional variance
Normal distribution.

Strong convergence using numerical derivatives
Log-likelihood = -1957.11
Please wait : Computing the Std Errors ...

 Robust Standard Errors (Sandwich formula)
                  Coefficient  Std.Error  t-value  t-prob
Cst(M)               0.041817   0.041377    1.011  0.3123
MON (M)             -0.102343   0.049628   -2.062  0.0393
TUE (M)             -0.092694   0.046848   -1.979  0.0480
WED (M)              0.029471   0.044251   0.6660  0.5055
THU (M)              0.106559   0.063717    1.672  0.0946
FRI (M)              0.090830   0.054455    1.668  0.0955
Cst(V)               0.017810  0.0061434    2.899  0.0038
ARCH(Alpha1)         0.181640   0.036337    4.999  0.0000
GARCH(Beta1)         0.807735   0.031972    25.26  0.0000

No. Observations :      1856  No. Parameters  :         9
Mean (Y)         :   0.06830  Variance (Y)    :   0.65912
Skewness (Y)     :   0.52254  Kurtosis (Y)    :   9.15543
Log Likelihood   : -1957.114  Alpha[1]+Beta[1]:   0.98938

The sample mean of squared residuals was used to start recursion.
The positivity constraint for the GARCH (1,1) is observed.
This constraint is alpha[L]/[1 - beta(L)] >= 0.
The unconditional variance is 1.67629
The conditions are alpha[0] > 0, alpha[L] + beta[L] < 1 and alpha[i] + beta[i] >= 0.
  => See Doornik & Ooms (2001) for more details.
The condition for existence of the fourth moment of the GARCH is not observed.
The constraint equals 1.04485 and should be < 1.
  => See Ling & McAleer (2001) for details.

Estimated Parameters Vector : 
 0.041817;-0.102343;-0.092694; 0.029471; 0.106559; 0.090830; 0.017810; 0.181640; 0.807735
Elapsed Time : 0.21 seconds (or 0.0035 minutes).

Ox Professional version 7.00 (OS_X/U) (C) J.A. Doornik, 1994-2013
Copyright for this package: S. Laurent, 2000-2012.
G@RCH package version 7.0, object created on 28-07-2016


 ********************
 ** SPECIFICATIONS **
 ********************
The dataset is: /Users/stuartlee/Desktop/Project/Colombo prices daily orig.csv
The estimation sample is:  2009-05-01 - 2016-05-11
The dependent variable is: ALL SHARE %
Mean Equation:  ARMA (0, 0) model.
5 regressor(s) in the conditional mean.
Variance Equation:  GARCH (1, 1) model.
No regressor in the conditional variance
Normal distribution.

Strong convergence using numerical derivatives
Log-likelihood = -1947.71
Please wait : Computing the Std Errors ...

 Robust Standard Errors (Sandwich formula)
                  Coefficient  Std.Error  t-value  t-prob
Cst(M)               0.045614   0.020795    2.194  0.0284
MON (M)             -0.106366   0.027381   -3.885  0.0001
TUE (M)             -0.089687   0.038228   -2.346  0.0191
WED (M)              0.027173   0.042525   0.6390  0.5229
THU (M)              0.113409   0.032984    3.438  0.0006
FRI (M)              0.091072   0.021937    4.152  0.0000
Cst(V)               0.018653  0.0063863    2.921  0.0035
ARCH(Alpha1)         0.182026   0.036598    4.974  0.0000
GARCH(Beta1)         0.806490   0.032416    24.88  0.0000

No. Observations :      1834  No. Parameters  :         9
Mean (Y)         :   0.07020  Variance (Y)    :   0.66566
Skewness (Y)     :   0.51559  Kurtosis (Y)    :   9.07738
Log Likelihood   : -1947.708  Alpha[1]+Beta[1]:   0.98852

The sample mean of squared residuals was used to start recursion.
The positivity constraint for the GARCH (1,1) is observed.
This constraint is alpha[L]/[1 - beta(L)] >= 0.
The unconditional variance is 1.62422
The conditions are alpha[0] > 0, alpha[L] + beta[L] < 1 and alpha[i] + beta[i] >= 0.
  => See Doornik & Ooms (2001) for more details.
The condition for existence of the fourth moment of the GARCH is not observed.
The constraint equals 1.04343 and should be < 1.
  => See Ling & McAleer (2001) for details.

Estimated Parameters Vector : 
 0.045614;-0.106366;-0.089687; 0.027173; 0.113409; 0.091072; 0.018653; 0.182026; 0.806490
Elapsed Time : 0.18 seconds (or 0.003 minutes).

Ox Professional version 7.00 (OS_X/U) (C) J.A. Doornik, 1994-2013
Copyright for this package: S. Laurent, 2000-2012.
G@RCH package version 7.0, object created on 28-07-2016


 ********************
 ** SPECIFICATIONS **
 ********************
The dataset is: /Users/stuartlee/Desktop/Project/Colombo prices daily orig.csv
The estimation sample is:  2004-01-01 - 2009-05-01
The dependent variable is: ALL SHARE %
Mean Equation:  ARMA (0, 0) model.
5 regressor(s) in the conditional mean.
Variance Equation:  GARCH (1, 1) model.
No regressor in the conditional variance
Normal distribution.

Strong convergence using numerical derivatives
Log-likelihood = -1973.19
Please wait : Computing the Std Errors ...

 Robust Standard Errors (Sandwich formula)
                  Coefficient  Std.Error  t-value  t-prob
Cst(M)               0.043935   0.027603    1.592  0.1117
MON (M)             -0.157498   0.060484   -2.604  0.0093
TUE (M)             -0.105921   0.051896   -2.041  0.0414
WED (M)              0.033860   0.071505   0.4735  0.6359
THU (M)              0.170476   0.053163    3.207  0.0014
FRI (M)              0.093017   0.039872    2.333  0.0198
Cst(V)               0.065148   0.024701    2.638  0.0084
ARCH(Alpha1)         0.265296   0.075942    3.493  0.0005
GARCH(Beta1)         0.734700   0.057256    12.83  0.0000

No. Observations :      1392  No. Parameters  :         9
Mean (Y)         :   0.03942  Variance (Y)    :   1.56214
Skewness (Y)     :  -1.03242  Kurtosis (Y)    :  17.38517
Log Likelihood   : -1973.192  Alpha[1]+Beta[1]:   1.00000

The sample mean of squared residuals was used to start recursion.
The positivity constraint for the GARCH (1,1) is observed.
This constraint is alpha[L]/[1 - beta(L)] >= 0.
The unconditional variance is 16234
The conditions are alpha[0] > 0, alpha[L] + beta[L] < 1 and alpha[i] + beta[i] >= 0.
  => See Doornik & Ooms (2001) for more details.
The condition for existence of the fourth moment of the GARCH is not observed.
The constraint equals 1.14076 and should be < 1.
  => See Ling & McAleer (2001) for details.

Estimated Parameters Vector : 
 0.043935;-0.157498;-0.105921; 0.033860; 0.170476; 0.093017; 0.065148; 0.265296; 0.734700
Elapsed Time : 0.18 seconds (or 0.003 minutes).

Ox Professional version 7.00 (OS_X/U) (C) J.A. Doornik, 1994-2013
Copyright for this package: S. Laurent, 2000-2012.
G@RCH package version 7.0, object created on 28-07-2016


 ********************
 ** SPECIFICATIONS **
 ********************
The dataset is: /Users/stuartlee/Desktop/Project/Colombo prices daily orig.csv
The estimation sample is:  2003-01-01 - 2009-05-01
The dependent variable is: ALL SHARE %
Mean Equation:  ARMA (0, 0) model.
5 regressor(s) in the conditional mean.
Variance Equation:  GARCH (1, 1) model.
No regressor in the conditional variance
Normal distribution.

Strong convergence using numerical derivatives
Log-likelihood = -2412.76
Please wait : Computing the Std Errors ...

 Robust Standard Errors (Sandwich formula)
                  Coefficient  Std.Error  t-value  t-prob
Cst(M)               0.057906   0.043343    1.336  0.1817
MON (M)             -0.125324   0.070052   -1.789  0.0738
TUE (M)             -0.122019   0.030515   -3.999  0.0001
WED (M)              0.028663   0.054893   0.5222  0.6016
THU (M)              0.165446   0.054155    3.055  0.0023
FRI (M)              0.101148   0.065223    1.551  0.1211
Cst(V)               0.077646   0.027014    2.874  0.0041
ARCH(Alpha1)         0.287597   0.065716    4.376  0.0000
GARCH(Beta1)         0.712399   0.051965    13.71  0.0000

No. Observations :      1653  No. Parameters  :         9
Mean (Y)         :   0.04920  Variance (Y)    :   1.85336
Skewness (Y)     :  -1.06072  Kurtosis (Y)    :  21.81815
Log Likelihood   : -2412.762  Alpha[1]+Beta[1]:   1.00000

The sample mean of squared residuals was used to start recursion.
The positivity constraint for the GARCH (1,1) is observed.
This constraint is alpha[L]/[1 - beta(L)] >= 0.
The unconditional variance is 19363
The conditions are alpha[0] > 0, alpha[L] + beta[L] < 1 and alpha[i] + beta[i] >= 0.
  => See Doornik & Ooms (2001) for more details.
The condition for existence of the fourth moment of the GARCH is not observed.
The constraint equals 1.16542 and should be < 1.
  => See Ling & McAleer (2001) for details.

Estimated Parameters Vector : 
 0.057906;-0.125324;-0.122019; 0.028663; 0.165446; 0.101148; 0.077646; 0.287597; 0.712399
Elapsed Time : 0.2 seconds (or 0.00333333 minutes).

Ox Professional version 7.00 (OS_X/U) (C) J.A. Doornik, 1994-2013
Copyright for this package: S. Laurent, 2000-2012.
G@RCH package version 7.0, object created on 28-07-2016


 ********************
 ** SPECIFICATIONS **
 ********************
The dataset is: /Users/stuartlee/Desktop/Project/Colombo prices daily orig.csv
The estimation sample is:  2002-01-01 - 2009-05-01
The dependent variable is: ALL SHARE %
Mean Equation:  ARMA (0, 0) model.
5 regressor(s) in the conditional mean.
Variance Equation:  GARCH (1, 1) model.
No regressor in the conditional variance
Normal distribution.

Strong convergence using numerical derivatives
Log-likelihood = -2785.33
Please wait : Computing the Std Errors ...

 Robust Standard Errors (Sandwich formula)
                  Coefficient  Std.Error  t-value  t-prob
Cst(M)               0.060712   0.053387    1.137  0.2556
MON (M)             -0.130572   0.065221   -2.002  0.0454
TUE (M)             -0.117766   0.097226   -1.211  0.2259
WED (M)              0.036545   0.070795   0.5162  0.6058
THU (M)              0.158949   0.060626    2.622  0.0088
FRI (M)              0.103551   0.079519    1.302  0.1930
Cst(V)               0.077647   0.025233    3.077  0.0021
ARCH(Alpha1)         0.291664   0.061349    4.754  0.0000
GARCH(Beta1)         0.708332   0.048498    14.61  0.0000

No. Observations :      1914  No. Parameters  :         9
Mean (Y)         :   0.05670  Variance (Y)    :   1.76959
Skewness (Y)     :  -0.94341  Kurtosis (Y)    :  21.11540
Log Likelihood   : -2785.335  Alpha[1]+Beta[1]:   1.00000

The sample mean of squared residuals was used to start recursion.
The positivity constraint for the GARCH (1,1) is observed.
This constraint is alpha[L]/[1 - beta(L)] >= 0.
The unconditional variance is 19351
The conditions are alpha[0] > 0, alpha[L] + beta[L] < 1 and alpha[i] + beta[i] >= 0.
  => See Doornik & Ooms (2001) for more details.
The condition for existence of the fourth moment of the GARCH is not observed.
The constraint equals 1.17013 and should be < 1.
  => See Ling & McAleer (2001) for details.

Estimated Parameters Vector : 
 0.060712;-0.130572;-0.117766; 0.036545; 0.158949; 0.103551; 0.077647; 0.291664; 0.708332
Elapsed Time : 0.22 seconds (or 0.00366667 minutes).

Ox Professional version 7.00 (OS_X/U) (C) J.A. Doornik, 1994-2013
Copyright for this package: S. Laurent, 2000-2012.
G@RCH package version 7.0, object created on 28-07-2016


 ********************
 ** SPECIFICATIONS **
 ********************
The dataset is: /Users/stuartlee/Desktop/Project/Colombo prices daily orig.csv
The estimation sample is:  2000-01-03 - 2009-05-01
The dependent variable is: ALL SHARE %
Mean Equation:  ARMA (0, 0) model.
5 regressor(s) in the conditional mean.
Variance Equation:  GARCH (1, 1) model.
No regressor in the conditional variance
Normal distribution.

Strong convergence using numerical derivatives
Log-likelihood = -3482.48
Please wait : Computing the Std Errors ...

 Robust Standard Errors (Sandwich formula)
                  Coefficient  Std.Error  t-value  t-prob
Cst(M)               0.024317    0.49902  0.04873  0.9611
MON (M)             -0.122289    0.48192  -0.2538  0.7997
TUE (M)             -0.068853    0.48056  -0.1433  0.8861
WED (M)             -0.039011    0.53164 -0.07338  0.9415
THU (M)              0.107268    0.52116   0.2058  0.8369
FRI (M)              0.137208    0.50462   0.2719  0.7857
Cst(V)               0.075357   0.026621    2.831  0.0047
ARCH(Alpha1)         0.302535   0.060202    5.025  0.0000
GARCH(Beta1)         0.697461   0.045038    15.49  0.0000

No. Observations :      2435  No. Parameters  :         9
Mean (Y)         :   0.04791  Variance (Y)    :   1.72499
Skewness (Y)     :   0.39717  Kurtosis (Y)    :  33.45533
Log Likelihood   : -3482.483  Alpha[1]+Beta[1]:   1.00000

The sample mean of squared residuals was used to start recursion.
The positivity constraint for the GARCH (1,1) is observed.
This constraint is alpha[L]/[1 - beta(L)] >= 0.
The unconditional variance is 17898
The conditions are alpha[0] > 0, alpha[L] + beta[L] < 1 and alpha[i] + beta[i] >= 0.
  => See Doornik & Ooms (2001) for more details.
The condition for existence of the fourth moment of the GARCH is not observed.
The constraint equals 1.18305 and should be < 1.
  => See Ling & McAleer (2001) for details.

Estimated Parameters Vector : 
 0.024317;-0.122289;-0.068853;-0.039011; 0.107268; 0.137208; 0.075357; 0.302535; 0.697461
Elapsed Time : 0.24 seconds (or 0.004 minutes).
